Using pre-set license
Built from '6000.0/release' branch; Version is '6000.0.45f1 (d91bd3d4e081) revision 14228435'; Using compiler version '193933523'; Build Type 'Release'
OS: 'Windows 11  (10.0.26100) 64bit Professional' Language: 'en' Physical Memory: 16202 MB
BatchMode: 1, IsHumanControllingUs: 0, StartBugReporterOnCrash: 0, Is64bit: 1, IsPro: 1

COMMAND LINE ARGUMENTS:
D:\Program Files\Unity Hub\6000.0.45f1\Editor\Unity.exe
-adb2
-batchMode
-noUpm
-name
AssetImportWorker0
-projectPath
D:/e20-3yp-VR-Multiplayer-Golf-Game/vr golf envi
-logFile
Logs/AssetImportWorker0.log
-srvPort
53442
-job-worker-count
7
-background-job-worker-count
8
-gc-helper-count
1
Successfully changed project path to: D:/e20-3yp-VR-Multiplayer-Golf-Game/vr golf envi
D:/e20-3yp-VR-Multiplayer-Golf-Game/vr golf envi
[UnityMemory] Configuration Parameters - Can be set up in boot.config
    "memorysetup-bucket-allocator-granularity=16"
    "memorysetup-bucket-allocator-bucket-count=8"
    "memorysetup-bucket-allocator-block-size=33554432"
    "memorysetup-bucket-allocator-block-count=8"
    "memorysetup-main-allocator-block-size=16777216"
    "memorysetup-thread-allocator-block-size=16777216"
    "memorysetup-gfx-main-allocator-block-size=16777216"
    "memorysetup-gfx-thread-allocator-block-size=16777216"
    "memorysetup-cache-allocator-block-size=4194304"
    "memorysetup-typetree-allocator-block-size=2097152"
    "memorysetup-profiler-bucket-allocator-granularity=16"
    "memorysetup-profiler-bucket-allocator-bucket-count=8"
    "memorysetup-profiler-bucket-allocator-block-size=33554432"
    "memorysetup-profiler-bucket-allocator-block-count=8"
    "memorysetup-profiler-allocator-block-size=16777216"
    "memorysetup-profiler-editor-allocator-block-size=1048576"
    "memorysetup-temp-allocator-size-main=16777216"
    "memorysetup-job-temp-allocator-block-size=2097152"
    "memorysetup-job-temp-allocator-block-size-background=1048576"
    "memorysetup-job-temp-allocator-reduction-small-platforms=262144"
    "memorysetup-allocator-temp-initial-block-size-main=262144"
    "memorysetup-allocator-temp-initial-block-size-worker=262144"
    "memorysetup-temp-allocator-size-background-worker=32768"
    "memorysetup-temp-allocator-size-job-worker=262144"
    "memorysetup-temp-allocator-size-preload-manager=33554432"
    "memorysetup-temp-allocator-size-nav-mesh-worker=65536"
    "memorysetup-temp-allocator-size-audio-worker=65536"
    "memorysetup-temp-allocator-size-cloud-worker=32768"
    "memorysetup-temp-allocator-size-gi-baking-worker=262144"
    "memorysetup-temp-allocator-size-gi-baking-worker=262144"
    "memorysetup-temp-allocator-size-gi-baking-worker=262144"
    "memorysetup-temp-allocator-size-gi-baking-worker=262144"
    "memorysetup-temp-allocator-size-gi-baking-worker=262144"
    "memorysetup-temp-allocator-size-gfx=262144"
Player connection [31084]  Target information:

Player connection [31084]  * "[IP] 192.168.144.195 [Port] 0 [Flags] 2 [Guid] 3177500035 [EditorId] 3177500035 [Version] 1048832 [Id] WindowsEditor(7,DESKTOP-IP9RLO6) [Debug] 1 [PackageName] WindowsEditor [ProjectName] Editor" 

Player connection [31084] Host joined multi-casting on [225.0.0.222:54997]...
Player connection [31084] Host joined alternative multi-casting on [225.0.0.222:34997]...
JobSystem: Creating JobQueue using job-worker-count value 7
Input System module state changed to: Initialized.
[Physics::Module] Initialized fallback backend.
[Physics::Module] Id: 0xdecafbad
Library Redirect Path: Library/
[Physics::Module] Selected backend.
[Physics::Module] Name: PhysX
[Physics::Module] Id: 0xf2b8ea05
[Physics::Module] SDK Version: 4.1.2
[Physics::Module] Integration Version: 1.0.0
[Physics::Module] Threading Mode: Multi-Threaded
Refreshing native plugins compatible for Editor in 17.89 ms, found 13 plugins.
Preloading 0 native plugins for Editor in 0.00 ms.
Initialize engine version: 6000.0.45f1 (d91bd3d4e081)
[Subsystems] Discovering subsystems at path D:/Program Files/Unity Hub/6000.0.45f1/Editor/Data/Resources/UnitySubsystems
[Subsystems] Discovering subsystems at path D:/e20-3yp-VR-Multiplayer-Golf-Game/vr golf envi/Assets
GfxDevice: creating device client; kGfxThreadingModeNonThreaded
Direct3D:
    Version:  Direct3D 11.0 [level 11.1]
    Renderer: NVIDIA GeForce RTX 4060 Laptop GPU (ID=0x28e0)
    Vendor:   NVIDIA
    VRAM:     7957 MB
    Driver:   32.0.15.6626
Initialize mono
Mono path[0] = 'D:/Program Files/Unity Hub/6000.0.45f1/Editor/Data/Managed'
Mono path[1] = 'D:/Program Files/Unity Hub/6000.0.45f1/Editor/Data/MonoBleedingEdge/lib/mono/unityjit-win32'
Mono config path = 'D:/Program Files/Unity Hub/6000.0.45f1/Editor/Data/MonoBleedingEdge/etc'
Using monoOptions --debugger-agent=transport=dt_socket,embedding=1,server=y,suspend=n,address=127.0.0.1:56364
Begin MonoManager ReloadAssembly
Registering precompiled unity dll's ...
Register platform support module: D:/Program Files/Unity Hub/6000.0.45f1/Editor/Data/PlaybackEngines/WindowsStandaloneSupport/UnityEditor.WindowsStandalone.Extensions.dll
Register platform support module: D:/Program Files/Unity Hub/6000.0.45f1/Editor/Data/PlaybackEngines/AndroidPlayer/UnityEditor.Android.Extensions.dll
Registered in 0.002783 seconds.
- Loaded All Assemblies, in  0.371 seconds
Native extension for Android target not found
Android Extension - Scanning For ADB Devices 289 ms
Native extension for WindowsStandalone target not found
Mono: successfully reloaded assembly
- Finished resetting the current domain, in  0.665 seconds
Domain Reload Profiling: 1036ms
	BeginReloadAssembly (120ms)
		ExecutionOrderSort (0ms)
		DisableScriptedObjects (0ms)
		BackupInstance (0ms)
		ReleaseScriptingObjects (0ms)
		CreateAndSetChildDomain (1ms)
	RebuildCommonClasses (36ms)
	RebuildNativeTypeToScriptingClass (13ms)
	initialDomainReloadingComplete (46ms)
	LoadAllAssembliesAndSetupDomain (155ms)
		LoadAssemblies (118ms)
		RebuildTransferFunctionScriptingTraits (0ms)
		AnalyzeDomain (152ms)
			TypeCache.Refresh (151ms)
				TypeCache.ScanAssembly (135ms)
			BuildScriptInfoCaches (0ms)
			ResolveRequiredComponents (0ms)
	FinalizeReload (666ms)
		ReleaseScriptCaches (0ms)
		RebuildScriptCaches (0ms)
		SetupLoadedEditorAssemblies (613ms)
			LogAssemblyErrors (0ms)
			InitializePlatformSupportModulesInManaged (376ms)
			SetLoadedEditorAssemblies (4ms)
			BeforeProcessingInitializeOnLoad (52ms)
			ProcessInitializeOnLoadAttributes (120ms)
			ProcessInitializeOnLoadMethodAttributes (62ms)
			AfterProcessingInitializeOnLoad (0ms)
			EditorAssembliesLoaded (0ms)
		ExecutionOrderSort2 (0ms)
		AwakeInstancesAfterBackupRestoration (0ms)
========================================================================
Worker process is ready to serve import requests
Import Worker Mode flag is 0x00
Begin MonoManager ReloadAssembly
Symbol file LoadedFromMemory is not a mono symbol file
- Loaded All Assemblies, in  0.915 seconds
Refreshing native plugins compatible for Editor in 10.82 ms, found 13 plugins.
Native extension for Android target not found
Native extension for WindowsStandalone target not found
Package Manager log level set to [2]
[Package Manager] Failed to launch server process. Reason: Unity was launched with the -noUpm command-line argument
[Package Manager] Unable to send message (not connected to server process).
[Package Manager] Cannot connect to Unity Package Manager local server
Refreshing native plugins compatible for Editor in 11.45 ms, found 13 plugins.
Mirror | mirror-networking.com | discord.gg/N9QVxbM
Mono: successfully reloaded assembly
[Package Manager] Failed to launch server process. Reason: Unity was launched with the -noUpm command-line argument
[Package Manager] Unable to send message (not connected to server process).
[Package Manager] Cannot connect to Unity Package Manager local server
[Package Manager] Failed to launch server process. Reason: Unity was launched with the -noUpm command-line argument
[Package Manager] Unable to send message (not connected to server process).
[Package Manager] Cannot connect to Unity Package Manager local server
- Finished resetting the current domain, in  1.057 seconds
Domain Reload Profiling: 1972ms
	BeginReloadAssembly (169ms)
		ExecutionOrderSort (0ms)
		DisableScriptedObjects (6ms)
		BackupInstance (0ms)
		ReleaseScriptingObjects (0ms)
		CreateAndSetChildDomain (37ms)
	RebuildCommonClasses (39ms)
	RebuildNativeTypeToScriptingClass (13ms)
	initialDomainReloadingComplete (38ms)
	LoadAllAssembliesAndSetupDomain (655ms)
		LoadAssemblies (386ms)
		RebuildTransferFunctionScriptingTraits (0ms)
		AnalyzeDomain (361ms)
			TypeCache.Refresh (267ms)
				TypeCache.ScanAssembly (243ms)
			BuildScriptInfoCaches (71ms)
			ResolveRequiredComponents (19ms)
	FinalizeReload (1058ms)
		ReleaseScriptCaches (0ms)
		RebuildScriptCaches (0ms)
		SetupLoadedEditorAssemblies (866ms)
			LogAssemblyErrors (0ms)
			InitializePlatformSupportModulesInManaged (13ms)
			SetLoadedEditorAssemblies (6ms)
			BeforeProcessingInitializeOnLoad (126ms)
			ProcessInitializeOnLoadAttributes (550ms)
			ProcessInitializeOnLoadMethodAttributes (169ms)
			AfterProcessingInitializeOnLoad (1ms)
			EditorAssembliesLoaded (0ms)
		ExecutionOrderSort2 (0ms)
		AwakeInstancesAfterBackupRestoration (6ms)
Launched and connected shader compiler UnityShaderCompiler.exe after 0.01 seconds
Refreshing native plugins compatible for Editor in 13.83 ms, found 13 plugins.
Preloading 0 native plugins for Editor in 0.00 ms.
Unloading 326 Unused Serialized files (Serialized files now loaded: 0)
Unloading 8198 unused Assets / (10.8 MB). Loaded Objects now: 8908.
Memory consumption went from 230.3 MB to 219.5 MB.
Total: 13.967800 ms (FindLiveObjects: 0.904400 ms CreateObjectMapping: 1.266100 ms MarkObjects: 6.047500 ms  DeleteObjects: 5.748400 ms)

========================================================================
Received Import Request.
  Time since last request: 378829.020007 seconds.
  path: Assets/my assets/Free_Trees/Prefabs/Oak_Tree.prefab
  artifactKey: Guid(c44bd9bdc114d4a60932c0087d9d1732) Importer(815301076,1909f56bfc062723c751e8b465ee728b)
Start importing Assets/my assets/Free_Trees/Prefabs/Oak_Tree.prefab using Guid(c44bd9bdc114d4a60932c0087d9d1732) Importer(815301076,1909f56bfc062723c751e8b465ee728b) (PreviewImporter) -> (artifact id: '5bd36f927b18c94765a4ba06e4ea042a') in 0.4971782 seconds
Number of updated asset objects reloaded before import = 0Number of asset objects unloaded after import = 10

========================================================================
Received Import Request.
  Time since last request: 48.161606 seconds.
  path: Assets/my assets/Free_Trees/Prefabs/Tree.prefab
  artifactKey: Guid(47c62cc4668543d4aab4fad4b1d38a12) Importer(815301076,1909f56bfc062723c751e8b465ee728b)
Start importing Assets/my assets/Free_Trees/Prefabs/Tree.prefab using Guid(47c62cc4668543d4aab4fad4b1d38a12) Importer(815301076,1909f56bfc062723c751e8b465ee728b) (PreviewImporter) -> (artifact id: 'aaed1ae75ada809996ac3390b3118bd1') in 0.002547 seconds
Number of updated asset objects reloaded before import = 0Number of asset objects unloaded after import = 7

========================================================================
Received Import Request.
  Time since last request: 543.411543 seconds.
  path: Assets/my assets/CatlandsGames/9FreeBackgrounds/BackgroundsPNG/Background1.png
  artifactKey: Guid(47756a2cfdda9a849bded3443d840ec5) Importer(815301076,1909f56bfc062723c751e8b465ee728b)
Start importing Assets/my assets/CatlandsGames/9FreeBackgrounds/BackgroundsPNG/Background1.png using Guid(47756a2cfdda9a849bded3443d840ec5) Importer(815301076,1909f56bfc062723c751e8b465ee728b) (PreviewImporter) -> (artifact id: 'c51dff5ed45db9aca01adf34c7a743d5') in 0.044393 seconds
Number of updated asset objects reloaded before import = 0Number of asset objects unloaded after import = 3

========================================================================
Received Import Request.
  Time since last request: 791.495787 seconds.
  path: Assets/my assets/MamkinEnthusiast
  artifactKey: Guid(04abe5321a0b248f481912b129cfc926) Importer(815301076,1909f56bfc062723c751e8b465ee728b)
Start importing Assets/my assets/MamkinEnthusiast using Guid(04abe5321a0b248f481912b129cfc926) Importer(815301076,1909f56bfc062723c751e8b465ee728b) (PreviewImporter) -> (artifact id: 'aa9282d0953f6491e553da1d6bbeca05') in 0.0007952 seconds
Number of updated asset objects reloaded before import = 0Number of asset objects unloaded after import = 0

========================================================================
Received Import Request.
  Time since last request: 40.065359 seconds.
  path: Assets/my assets/YughuesFreeBushes2018
  artifactKey: Guid(445a3516eb51ab74e8377a647b93d8b7) Importer(815301076,1909f56bfc062723c751e8b465ee728b)
Start importing Assets/my assets/YughuesFreeBushes2018 using Guid(445a3516eb51ab74e8377a647b93d8b7) Importer(815301076,1909f56bfc062723c751e8b465ee728b) (PreviewImporter) -> (artifact id: '1bf0314625ee5f1e2731df4aa698ba65') in 0.0005518 seconds
Number of updated asset objects reloaded before import = 0Number of asset objects unloaded after import = 0

========================================================================
Received Import Request.
  Time since last request: 7.226762 seconds.
  path: Assets/my assets/MamkinEnthusiast/3D Mini Garden Props/Textures/GrassTexture.png
  artifactKey: Guid(e96118b69342249dd830a094c0e22e9e) Importer(815301076,1909f56bfc062723c751e8b465ee728b)
Start importing Assets/my assets/MamkinEnthusiast/3D Mini Garden Props/Textures/GrassTexture.png using Guid(e96118b69342249dd830a094c0e22e9e) Importer(815301076,1909f56bfc062723c751e8b465ee728b) (PreviewImporter) -> (artifact id: 'b338cc895528fc27a29a4cc69a513807') in 0.0313327 seconds
Number of updated asset objects reloaded before import = 0Number of asset objects unloaded after import = 2

========================================================================
Received Import Request.
  Time since last request: 11.837388 seconds.
  path: Assets/my assets/MamkinEnthusiast/3D Mini Garden Props/Textures/TextureAtlas.png
  artifactKey: Guid(a8be0e45412c94771990fca659c5f799) Importer(815301076,1909f56bfc062723c751e8b465ee728b)
Start importing Assets/my assets/MamkinEnthusiast/3D Mini Garden Props/Textures/TextureAtlas.png using Guid(a8be0e45412c94771990fca659c5f799) Importer(815301076,1909f56bfc062723c751e8b465ee728b) (PreviewImporter) -> (artifact id: 'f4a68023105083e240d2bf7ccfd4883f') in 0.0197237 seconds
Number of updated asset objects reloaded before import = 0Number of asset objects unloaded after import = 2

========================================================================
Received Import Request.
  Time since last request: 11.454855 seconds.
  path: Assets/my assets/MamkinEnthusiast/3D Mini Garden Props/Prefabs/EarthHill.prefab
  artifactKey: Guid(1936f238e71db4531bfe8d26742e2d98) Importer(815301076,1909f56bfc062723c751e8b465ee728b)
Start importing Assets/my assets/MamkinEnthusiast/3D Mini Garden Props/Prefabs/EarthHill.prefab using Guid(1936f238e71db4531bfe8d26742e2d98) Importer(815301076,1909f56bfc062723c751e8b465ee728b) (PreviewImporter) -> (artifact id: '3731f0d6837ae35b9d90d162322acf5c') in 0.0307481 seconds
Number of updated asset objects reloaded before import = 0Number of asset objects unloaded after import = 17

========================================================================
Received Import Request.
  Time since last request: 1.668993 seconds.
  path: Assets/my assets/MamkinEnthusiast/3D Mini Garden Props/Prefabs/Fence.prefab
  artifactKey: Guid(0fbc1ff1bdd864ea1a318d706b9665aa) Importer(815301076,1909f56bfc062723c751e8b465ee728b)
Start importing Assets/my assets/MamkinEnthusiast/3D Mini Garden Props/Prefabs/Fence.prefab using Guid(0fbc1ff1bdd864ea1a318d706b9665aa) Importer(815301076,1909f56bfc062723c751e8b465ee728b) (PreviewImporter) -> (artifact id: '74fa5af38983621d558dacc7216d3fb0') in 0.0269182 seconds
Number of updated asset objects reloaded before import = 0Number of asset objects unloaded after import = 17

========================================================================
Received Import Request.
  Time since last request: 113.401980 seconds.
  path: Assets/my assets/MamkinEnthusiast/3D Mini Garden Props/Prefabs/FenceCorner.prefab
  artifactKey: Guid(f173ccc1aaf864f63a34cf9f7eccc1e4) Importer(815301076,1909f56bfc062723c751e8b465ee728b)
Start importing Assets/my assets/MamkinEnthusiast/3D Mini Garden Props/Prefabs/FenceCorner.prefab using Guid(f173ccc1aaf864f63a34cf9f7eccc1e4) Importer(815301076,1909f56bfc062723c751e8b465ee728b) (PreviewImporter) -> (artifact id: '91aeee08d4307ef6a88059918089f0f5') in 0.0209485 seconds
Number of updated asset objects reloaded before import = 0Number of asset objects unloaded after import = 17

========================================================================
Received Import Request.
  Time since last request: 1.678938 seconds.
  path: Assets/my assets/MamkinEnthusiast/3D Mini Garden Props/Prefabs/GrassSmall.prefab
  artifactKey: Guid(7c51d75c76cf44ae7a358c71c3de3837) Importer(815301076,1909f56bfc062723c751e8b465ee728b)
Start importing Assets/my assets/MamkinEnthusiast/3D Mini Garden Props/Prefabs/GrassSmall.prefab using Guid(7c51d75c76cf44ae7a358c71c3de3837) Importer(815301076,1909f56bfc062723c751e8b465ee728b) (PreviewImporter) -> (artifact id: 'eced7bdfe41dd5040b127d1bb59466d9') in 0.023323 seconds
Number of updated asset objects reloaded before import = 0Number of asset objects unloaded after import = 17

========================================================================
Received Import Request.
  Time since last request: 176.905149 seconds.
  path: Assets/my assets/MamkinEnthusiast/3D Mini Garden Props/Prefabs/GrassTall.prefab
  artifactKey: Guid(584bc5d0de28148639f1528511323e7c) Importer(815301076,1909f56bfc062723c751e8b465ee728b)
Start importing Assets/my assets/MamkinEnthusiast/3D Mini Garden Props/Prefabs/GrassTall.prefab using Guid(584bc5d0de28148639f1528511323e7c) Importer(815301076,1909f56bfc062723c751e8b465ee728b) (PreviewImporter) -> (artifact id: '2416429ccc58eecf1a641721fd087b53') in 0.0223278 seconds
Number of updated asset objects reloaded before import = 0Number of asset objects unloaded after import = 17

========================================================================
Received Import Request.
  Time since last request: 0.435606 seconds.
  path: Assets/my assets/MamkinEnthusiast/3D Mini Garden Props/Prefabs/Hydrangea.prefab
  artifactKey: Guid(9b479d6c09bd64a2e8c2521b8cd1d516) Importer(815301076,1909f56bfc062723c751e8b465ee728b)
Start importing Assets/my assets/MamkinEnthusiast/3D Mini Garden Props/Prefabs/Hydrangea.prefab using Guid(9b479d6c09bd64a2e8c2521b8cd1d516) Importer(815301076,1909f56bfc062723c751e8b465ee728b) (PreviewImporter) -> (artifact id: '65cb99f20c164452de7d64a23fd0eee2') in 0.0220905 seconds
Number of updated asset objects reloaded before import = 0Number of asset objects unloaded after import = 17

========================================================================
Received Import Request.
  Time since last request: 654.400716 seconds.
  path: Assets/my assets/MamkinEnthusiast/3D Mini Garden Props/Prefabs/Mint.prefab
  artifactKey: Guid(109b89959e9e44f08a578ea27c235f50) Importer(815301076,1909f56bfc062723c751e8b465ee728b)
Start importing Assets/my assets/MamkinEnthusiast/3D Mini Garden Props/Prefabs/Mint.prefab using Guid(109b89959e9e44f08a578ea27c235f50) Importer(815301076,1909f56bfc062723c751e8b465ee728b) (PreviewImporter) -> (artifact id: 'ffa212e7dfec3c31d30284a8fa68247a') in 0.0294627 seconds
Number of updated asset objects reloaded before import = 0Number of asset objects unloaded after import = 17

========================================================================
Received Import Request.
  Time since last request: 2.886668 seconds.
  path: Assets/my assets/MamkinEnthusiast/3D Mini Garden Props/Prefabs/NameStake.prefab
  artifactKey: Guid(f59439a87903a44768918a780d109876) Importer(815301076,1909f56bfc062723c751e8b465ee728b)
Start importing Assets/my assets/MamkinEnthusiast/3D Mini Garden Props/Prefabs/NameStake.prefab using Guid(f59439a87903a44768918a780d109876) Importer(815301076,1909f56bfc062723c751e8b465ee728b) (PreviewImporter) -> (artifact id: 'c4482306151e45577f6cc38b1de85512') in 0.026067 seconds
Number of updated asset objects reloaded before import = 0Number of asset objects unloaded after import = 17

========================================================================
Received Import Request.
  Time since last request: 0.809955 seconds.
  path: Assets/my assets/MamkinEnthusiast/3D Mini Garden Props/Prefabs/PotBig.prefab
  artifactKey: Guid(53680d834eb4d41e1860192480d3e7b9) Importer(815301076,1909f56bfc062723c751e8b465ee728b)
Start importing Assets/my assets/MamkinEnthusiast/3D Mini Garden Props/Prefabs/PotBig.prefab using Guid(53680d834eb4d41e1860192480d3e7b9) Importer(815301076,1909f56bfc062723c751e8b465ee728b) (PreviewImporter) -> (artifact id: '215cd08148637d43744620e913a2d398') in 0.0211461 seconds
Number of updated asset objects reloaded before import = 0Number of asset objects unloaded after import = 17

========================================================================
Received Import Request.
  Time since last request: 0.611331 seconds.
  path: Assets/my assets/MamkinEnthusiast/3D Mini Garden Props/Prefabs/PotRectangle.prefab
  artifactKey: Guid(4a557b4fcd7bf4c13bde5968b635fe53) Importer(815301076,1909f56bfc062723c751e8b465ee728b)
Start importing Assets/my assets/MamkinEnthusiast/3D Mini Garden Props/Prefabs/PotRectangle.prefab using Guid(4a557b4fcd7bf4c13bde5968b635fe53) Importer(815301076,1909f56bfc062723c751e8b465ee728b) (PreviewImporter) -> (artifact id: 'd948210f878137010f2b67d966fe6e2d') in 0.0219997 seconds
Number of updated asset objects reloaded before import = 0Number of asset objects unloaded after import = 17

========================================================================
Received Import Request.
  Time since last request: 180.866152 seconds.
  path: Assets/my assets/MamkinEnthusiast/3D Mini Garden Props/Prefabs/PotSmall.prefab
  artifactKey: Guid(5fd76413c5890406689031301aeac8a9) Importer(815301076,1909f56bfc062723c751e8b465ee728b)
Start importing Assets/my assets/MamkinEnthusiast/3D Mini Garden Props/Prefabs/PotSmall.prefab using Guid(5fd76413c5890406689031301aeac8a9) Importer(815301076,1909f56bfc062723c751e8b465ee728b) (PreviewImporter) -> (artifact id: 'bf8a03dcbdd4ecd764d3535bef7e0a73') in 0.021108 seconds
Number of updated asset objects reloaded before import = 0Number of asset objects unloaded after import = 26

========================================================================
Received Import Request.
  Time since last request: 0.526234 seconds.
  path: Assets/my assets/MamkinEnthusiast/3D Mini Garden Props/Prefabs/Pruner.prefab
  artifactKey: Guid(1db0bc129c0994bd68c8177096e5a2d3) Importer(815301076,1909f56bfc062723c751e8b465ee728b)
Start importing Assets/my assets/MamkinEnthusiast/3D Mini Garden Props/Prefabs/Pruner.prefab using Guid(1db0bc129c0994bd68c8177096e5a2d3) Importer(815301076,1909f56bfc062723c751e8b465ee728b) (PreviewImporter) -> (artifact id: '9d17b99afc21d119fd2b791f9ff4c9bf') in 0.0197915 seconds
Number of updated asset objects reloaded before import = 0Number of asset objects unloaded after import = 30

========================================================================
Received Import Request.
  Time since last request: 0.517334 seconds.
  path: Assets/my assets/MamkinEnthusiast/3D Mini Garden Props/Prefabs/Shovel.prefab
  artifactKey: Guid(14e578b5e4ba947bcaa6794c1311370c) Importer(815301076,1909f56bfc062723c751e8b465ee728b)
Start importing Assets/my assets/MamkinEnthusiast/3D Mini Garden Props/Prefabs/Shovel.prefab using Guid(14e578b5e4ba947bcaa6794c1311370c) Importer(815301076,1909f56bfc062723c751e8b465ee728b) (PreviewImporter) -> (artifact id: '6e4dc0e533b02cf9087f3908a4f5bf92') in 0.020544 seconds
Number of updated asset objects reloaded before import = 0Number of asset objects unloaded after import = 17

========================================================================
Received Import Request.
  Time since last request: 0.495297 seconds.
  path: Assets/my assets/MamkinEnthusiast/3D Mini Garden Props/Prefabs/TulipRed.prefab
  artifactKey: Guid(96e2bc83624ab4ec0b4a9974caf7a9d1) Importer(815301076,1909f56bfc062723c751e8b465ee728b)
Start importing Assets/my assets/MamkinEnthusiast/3D Mini Garden Props/Prefabs/TulipRed.prefab using Guid(96e2bc83624ab4ec0b4a9974caf7a9d1) Importer(815301076,1909f56bfc062723c751e8b465ee728b) (PreviewImporter) -> (artifact id: '34d6c144ec56b5e4ed53c625c3767af2') in 0.0181021 seconds
Number of updated asset objects reloaded before import = 0Number of asset objects unloaded after import = 17

========================================================================
Received Import Request.
  Time since last request: 0.498117 seconds.
  path: Assets/my assets/MamkinEnthusiast/3D Mini Garden Props/Prefabs/TulipYellow.prefab
  artifactKey: Guid(3540134fba284494aa745c75b3967871) Importer(815301076,1909f56bfc062723c751e8b465ee728b)
Start importing Assets/my assets/MamkinEnthusiast/3D Mini Garden Props/Prefabs/TulipYellow.prefab using Guid(3540134fba284494aa745c75b3967871) Importer(815301076,1909f56bfc062723c751e8b465ee728b) (PreviewImporter) -> (artifact id: '89b2fee2900c642b6e0c3f7ef1732eba') in 0.01987 seconds
Number of updated asset objects reloaded before import = 0Number of asset objects unloaded after import = 17

========================================================================
Received Import Request.
  Time since last request: 4.959510 seconds.
  path: Assets/my assets/MamkinEnthusiast/3D Mini Garden Props/Prefabs/WateringCup.prefab
  artifactKey: Guid(3b5a8ac22cc884115936ca6f1563b8f5) Importer(815301076,1909f56bfc062723c751e8b465ee728b)
Start importing Assets/my assets/MamkinEnthusiast/3D Mini Garden Props/Prefabs/WateringCup.prefab using Guid(3b5a8ac22cc884115936ca6f1563b8f5) Importer(815301076,1909f56bfc062723c751e8b465ee728b) (PreviewImporter) -> (artifact id: '06dbe15fc2f2bc0b509e0a29537d48d1') in 0.0278722 seconds
Number of updated asset objects reloaded before import = 0Number of asset objects unloaded after import = 26

========================================================================
Received Import Request.
  Time since last request: 402.073792 seconds.
  path: Assets/my assets/YughuesFreeBushes2018/Prefabs/P_Bush01.prefab
  artifactKey: Guid(8109e9e16ba4cc04b8e0928aea897927) Importer(815301076,1909f56bfc062723c751e8b465ee728b)
Start importing Assets/my assets/YughuesFreeBushes2018/Prefabs/P_Bush01.prefab using Guid(8109e9e16ba4cc04b8e0928aea897927) Importer(815301076,1909f56bfc062723c751e8b465ee728b) (PreviewImporter) -> (artifact id: 'c0e992cc366ccf298c09a0685ef54055') in 0.0727519 seconds
Number of updated asset objects reloaded before import = 0Number of asset objects unloaded after import = 34

========================================================================
Received Import Request.
  Time since last request: 1.692289 seconds.
  path: Assets/my assets/YughuesFreeBushes2018/Prefabs/P_Bush02.prefab
  artifactKey: Guid(0cc0db2b14252644da9f1f74ed0c8f90) Importer(815301076,1909f56bfc062723c751e8b465ee728b)
Start importing Assets/my assets/YughuesFreeBushes2018/Prefabs/P_Bush02.prefab using Guid(0cc0db2b14252644da9f1f74ed0c8f90) Importer(815301076,1909f56bfc062723c751e8b465ee728b) (PreviewImporter) -> (artifact id: '06c57be8f793436a50fe727f4af87bd3') in 0.024314 seconds
Number of updated asset objects reloaded before import = 0Number of asset objects unloaded after import = 34

========================================================================
Received Import Request.
  Time since last request: 0.972858 seconds.
  path: Assets/my assets/YughuesFreeBushes2018/Prefabs/P_Bush03.prefab
  artifactKey: Guid(ff0b0a3d7ae7a9e4f8505795785ad853) Importer(815301076,1909f56bfc062723c751e8b465ee728b)
Start importing Assets/my assets/YughuesFreeBushes2018/Prefabs/P_Bush03.prefab using Guid(ff0b0a3d7ae7a9e4f8505795785ad853) Importer(815301076,1909f56bfc062723c751e8b465ee728b) (PreviewImporter) -> (artifact id: '98b1ece2ce753656329e6f13c20bd9f2') in 0.0278985 seconds
Number of updated asset objects reloaded before import = 0Number of asset objects unloaded after import = 76

========================================================================
Received Import Request.
  Time since last request: 0.741204 seconds.
  path: Assets/my assets/YughuesFreeBushes2018/Prefabs/P_Bush04.prefab
  artifactKey: Guid(e334e6614ad50f749b0a37528784c614) Importer(815301076,1909f56bfc062723c751e8b465ee728b)
Start importing Assets/my assets/YughuesFreeBushes2018/Prefabs/P_Bush04.prefab using Guid(e334e6614ad50f749b0a37528784c614) Importer(815301076,1909f56bfc062723c751e8b465ee728b) (PreviewImporter) -> (artifact id: '024e11fa5073cc8dc9085d2707922ea1') in 0.0231798 seconds
Number of updated asset objects reloaded before import = 0Number of asset objects unloaded after import = 34

========================================================================
Received Import Request.
  Time since last request: 1.020181 seconds.
  path: Assets/my assets/YughuesFreeBushes2018/Prefabs/P_Bush05.prefab
  artifactKey: Guid(431e05c5e2b18ba4fa6b3b0a6f687786) Importer(815301076,1909f56bfc062723c751e8b465ee728b)
Start importing Assets/my assets/YughuesFreeBushes2018/Prefabs/P_Bush05.prefab using Guid(431e05c5e2b18ba4fa6b3b0a6f687786) Importer(815301076,1909f56bfc062723c751e8b465ee728b) (PreviewImporter) -> (artifact id: '071fb8781047fab527a9404e717a1327') in 0.0274105 seconds
Number of updated asset objects reloaded before import = 0Number of asset objects unloaded after import = 34

========================================================================
Received Import Request.
  Time since last request: 699.235672 seconds.
  path: Assets/my assets/MamkinEnthusiast/3D Mini Garden Props/Prefabs/PotBig.prefab
  artifactKey: Guid(53680d834eb4d41e1860192480d3e7b9) Importer(815301076,1909f56bfc062723c751e8b465ee728b)
Start importing Assets/my assets/MamkinEnthusiast/3D Mini Garden Props/Prefabs/PotBig.prefab using Guid(53680d834eb4d41e1860192480d3e7b9) Importer(815301076,1909f56bfc062723c751e8b465ee728b) (PreviewImporter) -> (artifact id: '4a4148a745a621ecbcc1e70c6bced9b5') in 2.0854844 seconds
Number of updated asset objects reloaded before import = 0Number of asset objects unloaded after import = 18

========================================================================
Received Import Request.
  Time since last request: 0.000029 seconds.
  path: Assets/my assets/MamkinEnthusiast/3D Mini Garden Props/Prefabs/Hydrangea.prefab
  artifactKey: Guid(9b479d6c09bd64a2e8c2521b8cd1d516) Importer(815301076,1909f56bfc062723c751e8b465ee728b)
Start importing Assets/my assets/MamkinEnthusiast/3D Mini Garden Props/Prefabs/Hydrangea.prefab using Guid(9b479d6c09bd64a2e8c2521b8cd1d516) Importer(815301076,1909f56bfc062723c751e8b465ee728b) (PreviewImporter) -> (artifact id: '5d69962ad74fd88db37fbb3b5a528767') in 0.024924 seconds
Number of updated asset objects reloaded before import = 0Number of asset objects unloaded after import = 18

